<?xml version="1.0" encoding="UTF-8"?>
<!-- Generated by org.testng.reporters.JUnitReportReporter -->
<testsuite hostname="LAPTOP-32PGF92B" failures="0" tests="7" name="UserRepositoryTest" time="0.924" errors="0" timestamp="2024-11-01T18:47:27 PKT" skipped="0">
  <testcase classname="UserRepositoryTest" name="testSaveUser" time="0.027"/>
  <system-out/>
  <testcase classname="UserRepositoryTest" name="testFindById" time="0.003"/>
  <system-out/>
  <testcase classname="UserRepositoryTest" name="testDeleteUser" time="0.002"/>
  <system-out/>
  <testcase classname="UserRepositoryTest" name="testFindAllUsers" time="0.004"/>
  <system-out/>
  <testcase classname="UserRepositoryTest" name="testExistsByUsername" time="0.008"/>
  <system-out/>
  <testcase classname="UserRepositoryTest" name="testAddUsersFromExcel" time="0.872"/>
  <system-out/>
  <testcase classname="UserRepositoryTest" name="testAddUserFromXML" time="0.008"/>
  <system-out/>
</testsuite> <!-- UserRepositoryTest -->
