<?xml version="1.0" encoding="UTF-8"?>
<!-- Generated by org.testng.reporters.JUnitReportReporter -->
<testsuite hostname="LAPTOP-32PGF92B" failures="0" tests="2" name="OrderRepositoryTest" time="0.471" errors="0" timestamp="2024-11-01T10:40:20 PKT" skipped="0">
  <testcase classname="OrderRepositoryTest" name="testFindByIdWithExcelData" time="0.470"/>
  <system-out/>
  <testcase classname="OrderRepositoryTest" name="testFindByUserId" time="0.001"/>
  <system-out/>
</testsuite> <!-- OrderRepositoryTest -->
