<?xml version="1.0" encoding="UTF-8"?>
<!-- Generated by org.testng.reporters.JUnitReportReporter -->
<testsuite hostname="LAPTOP-32PGF92B" failures="0" tests="9" name="OrderServiceTest" time="0.031" errors="0" timestamp="2024-11-01T10:41:47 PKT" skipped="0">
  <testcase classname="OrderServiceTest" name="testUpdateOrder" time="0.009"/>
  <system-out/>
  <testcase classname="OrderServiceTest" name="testCancelOrder" time="0.001"/>
  <system-out/>
  <testcase classname="OrderServiceTest" name="testGetOrderById" time="0.002"/>
  <system-out/>
  <testcase classname="OrderServiceTest" name="testGetOrderById" time="0.002"/>
  <system-out/>
  <testcase classname="OrderServiceTest" name="testGetOrderById" time="0.001"/>
  <system-out/>
  <testcase classname="OrderServiceTest" name="testGetOrderById" time="0.002"/>
  <system-out/>
  <testcase classname="OrderServiceTest" name="testCreateOrder" time="0.010"/>
  <system-out/>
  <testcase classname="OrderServiceTest" name="testListOrdersByUser" time="0.000"/>
  <system-out/>
  <testcase classname="OrderServiceTest" name="testListOrdersByUser" time="0.004"/>
  <system-out/>
</testsuite> <!-- OrderServiceTest -->
