<?xml version="1.0" encoding="UTF-8"?>
<!-- Generated by org.testng.reporters.JUnitReportReporter -->
<testsuite hostname="LAPTOP-32PGF92B" failures="0" tests="6" name="OrderTests.OrderServiceTest" time="0.044" errors="0" timestamp="2024-11-03T15:42:19 PKT" skipped="0">
  <testcase classname="OrderTests.OrderServiceTest" name="testUpdateOrder" time="0.002"/>
  <system-out/>
  <testcase classname="OrderTests.OrderServiceTest" name="testGetOrderById" time="0.033"/>
  <system-out/>
  <testcase classname="OrderTests.OrderServiceTest" name="testCancelOrder" time="0.001"/>
  <system-out/>
  <testcase classname="OrderTests.OrderServiceTest" name="testCreateOrder" time="0.004"/>
  <system-out/>
  <testcase classname="OrderTests.OrderServiceTest" name="testListOrdersByUser" time="0.001"/>
  <system-out/>
  <testcase classname="OrderTests.OrderServiceTest" name="testListOrdersByUser" time="0.003"/>
  <system-out/>
</testsuite> <!-- OrderTests.OrderServiceTest -->
