<?xml version="1.0" encoding="UTF-8"?>
<!-- Generated by org.testng.reporters.JUnitReportReporter -->
<testsuite hostname="LAPTOP-32PGF92B" failures="0" tests="7" name="ProductServiceTest" time="0.046" errors="0" timestamp="2024-11-03T15:42:19 PKT" skipped="0">
  <testcase classname="ProductServiceTest" name="testAddProduct" time="0.002"/>
  <system-out/>
  <testcase classname="ProductServiceTest" name="testGetProductById" time="0.001"/>
  <system-out/>
  <testcase classname="ProductServiceTest" name="testUpdateProduct" time="0.003"/>
  <system-out/>
  <testcase classname="ProductServiceTest" name="testDeleteProduct" time="0.001"/>
  <system-out/>
  <testcase classname="ProductServiceTest" name="testListAllProducts" time="0.001"/>
  <system-out/>
  <testcase classname="ProductServiceTest" name="testAddProductsFromExcel" time="0.036"/>
  <system-out/>
  <testcase classname="ProductServiceTest" name="testAddProductFromXML" time="0.002"/>
  <system-out/>
</testsuite> <!-- ProductServiceTest -->
