<?xml version="1.0" encoding="UTF-8"?>
<!-- Generated by org.testng.reporters.JUnitReportReporter -->
<testsuite hostname="LAPTOP-32PGF92B" failures="0" tests="7" name="ProductServiceTest" time="0.848" errors="0" timestamp="2024-11-01T18:37:14 PKT" skipped="0">
  <testcase classname="ProductServiceTest" name="testAddProduct" time="0.016"/>
  <system-out/>
  <testcase classname="ProductServiceTest" name="testGetProductById" time="0.002"/>
  <system-out/>
  <testcase classname="ProductServiceTest" name="testUpdateProduct" time="0.011"/>
  <system-out/>
  <testcase classname="ProductServiceTest" name="testDeleteProduct" time="0.002"/>
  <system-out/>
  <testcase classname="ProductServiceTest" name="testListAllProducts" time="0.013"/>
  <system-out/>
  <testcase classname="ProductServiceTest" name="testAddProductsFromExcel" time="0.799"/>
  <system-out/>
  <testcase classname="ProductServiceTest" name="testAddProductFromXML" time="0.005"/>
  <system-out/>
</testsuite> <!-- ProductServiceTest -->
