<?xml version="1.0" encoding="UTF-8"?>
<!-- Generated by org.testng.reporters.JUnitReportReporter -->
<testsuite hostname="LAPTOP-32PGF92B" failures="0" tests="6" name="OrderTests.OrderServiceTest" time="0.763" errors="0" timestamp="2024-11-01T19:18:03 PKT" skipped="0">
  <testcase classname="OrderTests.OrderServiceTest" name="testGetOrderById" time="0.741"/>
  <system-out/>
  <testcase classname="OrderTests.OrderServiceTest" name="testUpdateOrder" time="0.008"/>
  <system-out/>
  <testcase classname="OrderTests.OrderServiceTest" name="testCancelOrder" time="0.003"/>
  <system-out/>
  <testcase classname="OrderTests.OrderServiceTest" name="testCreateOrder" time="0.005"/>
  <system-out/>
  <testcase classname="OrderTests.OrderServiceTest" name="testListOrdersByUser" time="0.003"/>
  <system-out/>
  <testcase classname="OrderTests.OrderServiceTest" name="testListOrdersByUser" time="0.003"/>
  <system-out/>
</testsuite> <!-- OrderTests.OrderServiceTest -->
