<?xml version="1.0" encoding="UTF-8"?>
<!-- Generated by org.testng.reporters.JUnitReportReporter -->
<testsuite hostname="LAPTOP-32PGF92B" failures="0" tests="6" name="ProductTests.ProductRepositoryTest" time="0.048" errors="0" timestamp="2024-11-03T15:42:19 PKT" skipped="0">
  <testcase classname="ProductTests.ProductRepositoryTest" name="testSaveAndFindById" time="0.002"/>
  <system-out/>
  <testcase classname="ProductTests.ProductRepositoryTest" name="testDelete" time="0.001"/>
  <system-out/>
  <testcase classname="ProductTests.ProductRepositoryTest" name="testFindAll" time="0.001"/>
  <system-out/>
  <testcase classname="ProductTests.ProductRepositoryTest" name="testFindByCategory" time="0.002"/>
  <system-out/>
  <testcase classname="ProductTests.ProductRepositoryTest" name="testSaveProductsFromExcel" time="0.040"/>
  <system-out/>
  <testcase classname="ProductTests.ProductRepositoryTest" name="testSaveProductFromXML" time="0.002"/>
  <system-out/>
</testsuite> <!-- ProductTests.ProductRepositoryTest -->
