<?xml version="1.0" encoding="UTF-8"?>
<!-- Generated by org.testng.reporters.JUnitReportReporter -->
<testsuite hostname="LAPTOP-32PGF92B" failures="0" tests="6" name="ProductRepositoryTest" time="0.950" errors="0" timestamp="2024-11-01T18:26:50 PKT" skipped="0">
  <testcase classname="ProductRepositoryTest" name="testSaveAndFindById" time="0.016"/>
  <system-out/>
  <testcase classname="ProductRepositoryTest" name="testDelete" time="0.009"/>
  <system-out/>
  <testcase classname="ProductRepositoryTest" name="testFindAll" time="0.004"/>
  <system-out/>
  <testcase classname="ProductRepositoryTest" name="testFindByCategory" time="0.002"/>
  <system-out/>
  <testcase classname="ProductRepositoryTest" name="testSaveProductsFromExcel" time="0.913"/>
  <system-out/>
  <testcase classname="ProductRepositoryTest" name="testSaveProductFromXML" time="0.006"/>
  <system-out/>
</testsuite> <!-- ProductRepositoryTest -->
