<?xml version="1.0" encoding="UTF-8"?>
<!-- Generated by org.testng.reporters.JUnitReportReporter -->
<testsuite hostname="LAPTOP-32PGF92B" failures="0" tests="7" name="UserTests.UserRepositoryTest" time="0.707" errors="0" timestamp="2024-11-03T15:42:19 PKT" skipped="0">
  <testcase classname="UserTests.UserRepositoryTest" name="testSaveUser" time="0.051"/>
  <system-out/>
  <testcase classname="UserTests.UserRepositoryTest" name="testFindById" time="0.009"/>
  <system-out/>
  <testcase classname="UserTests.UserRepositoryTest" name="testDeleteUser" time="0.010"/>
  <system-out/>
  <testcase classname="UserTests.UserRepositoryTest" name="testFindAllUsers" time="0.001"/>
  <system-out/>
  <testcase classname="UserTests.UserRepositoryTest" name="testExistsByUsername" time="0.004"/>
  <system-out/>
  <testcase classname="UserTests.UserRepositoryTest" name="testAddUsersFromExcel" time="0.628"/>
  <system-out/>
  <testcase classname="UserTests.UserRepositoryTest" name="testAddUserFromXML" time="0.004"/>
  <system-out/>
</testsuite> <!-- UserTests.UserRepositoryTest -->
