<?xml version="1.0" encoding="UTF-8"?>
<!-- Generated by org.testng.reporters.JUnitReportReporter -->
<testsuite hostname="LAPTOP-32PGF92B" failures="0" tests="6" name="ProductRepositoryTest" time="0.031" errors="0" timestamp="2024-11-03T15:42:19 PKT" skipped="0">
  <testcase classname="ProductRepositoryTest" name="testSaveAndFindById" time="0.001"/>
  <system-out/>
  <testcase classname="ProductRepositoryTest" name="testDelete" time="0.001"/>
  <system-out/>
  <testcase classname="ProductRepositoryTest" name="testFindAll" time="0.000"/>
  <system-out/>
  <testcase classname="ProductRepositoryTest" name="testFindByCategory" time="0.001"/>
  <system-out/>
  <testcase classname="ProductRepositoryTest" name="testSaveProductsFromExcel" time="0.027"/>
  <system-out/>
  <testcase classname="ProductRepositoryTest" name="testSaveProductFromXML" time="0.001"/>
  <system-out/>
</testsuite> <!-- ProductRepositoryTest -->
