<?xml version="1.0" encoding="UTF-8"?>
<!-- Generated by org.testng.reporters.JUnitReportReporter -->
<testsuite hostname="LAPTOP-32PGF92B" failures="0" tests="2" name="OrderTests.OrderRepositoryTest" time="0.030" errors="0" timestamp="2024-11-03T15:42:19 PKT" skipped="0">
  <testcase classname="OrderTests.OrderRepositoryTest" name="testFindByIdWithExcelData" time="0.029"/>
  <system-out/>
  <testcase classname="OrderTests.OrderRepositoryTest" name="testFindByUserId" time="0.001"/>
  <system-out/>
</testsuite> <!-- OrderTests.OrderRepositoryTest -->
