<?xml version="1.0" encoding="UTF-8"?>
<!-- Generated by org.testng.reporters.JUnitReportReporter -->
<testsuite hostname="LAPTOP-32PGF92B" failures="0" tests="2" name="UserServiceTest" time="0.845" errors="0" timestamp="2024-11-01T19:10:00 PKT" skipped="0">
  <testcase classname="UserServiceTest" name="testUpdateUserFromExcel" time="0.841"/>
  <system-out/>
  <testcase classname="UserServiceTest" name="testAuthenticateUserFromXML" time="0.004"/>
  <system-out/>
</testsuite> <!-- UserServiceTest -->
